2020-08-25 13:44:18.247  INFO 3820 --- [main] i.g.m.controller.ClienteControllerTest   : Starting ClienteControllerTest on Montival with PID 3820 (started by Montival in C:\projetos\clientes\backend)
2020-08-25 13:44:18.251  INFO 3820 --- [main] i.g.m.controller.ClienteControllerTest   : No active profile set, falling back to default profiles: default
2020-08-25 13:44:20.009  INFO 3820 --- [main] .s.d.r.c.RepositoryConfigurationDelegate : Bootstrapping Spring Data repositories in DEFAULT mode.
2020-08-25 13:44:20.146  INFO 3820 --- [main] .s.d.r.c.RepositoryConfigurationDelegate : Finished Spring Data repository scanning in 123ms. Found 2 repository interfaces.
2020-08-25 13:44:21.485  INFO 3820 --- [main] trationDelegate$BeanPostProcessorChecker : Bean 'org.springframework.transaction.annotation.ProxyTransactionManagementConfiguration' of type [org.springframework.transaction.annotation.ProxyTransactionManagementConfiguration$$EnhancerBySpringCGLIB$$75a0cc42] is not eligible for getting processed by all BeanPostProcessors (for example: not eligible for auto-proxying)
2020-08-25 13:44:21.923  INFO 3820 --- [main] com.zaxxer.hikari.HikariDataSource       : HikariPool-1 - Starting...
2020-08-25 13:44:22.180  INFO 3820 --- [main] com.zaxxer.hikari.HikariDataSource       : HikariPool-1 - Start completed.
2020-08-25 13:44:22.454  INFO 3820 --- [main] o.hibernate.jpa.internal.util.LogHelper  : HHH000204: Processing PersistenceUnitInfo [name: default]
2020-08-25 13:44:22.616  INFO 3820 --- [main] org.hibernate.Version                    : HHH000412: Hibernate Core {5.4.10.Final}
2020-08-25 13:44:22.709  INFO 3820 --- [main] o.hibernate.annotations.common.Version   : HCANN000001: Hibernate Commons Annotations {5.1.0.Final}
2020-08-25 13:44:23.108  INFO 3820 --- [main] org.hibernate.dialect.Dialect            : HHH000400: Using dialect: org.hibernate.dialect.H2Dialect
2020-08-25 13:44:24.097  INFO 3820 --- [main] o.h.e.t.j.p.i.JtaPlatformInitiator       : HHH000490: Using JtaPlatform implementation: [org.hibernate.engine.transaction.jta.platform.internal.NoJtaPlatform]
2020-08-25 13:44:24.110  INFO 3820 --- [main] j.LocalContainerEntityManagerFactoryBean : Initialized JPA EntityManagerFactory for persistence unit 'default'
2020-08-25 13:44:26.272  INFO 3820 --- [main] o.s.s.concurrent.ThreadPoolTaskExecutor  : Initializing ExecutorService 'applicationTaskExecutor'
2020-08-25 13:44:26.380  WARN 3820 --- [main] aWebConfiguration$JpaWebMvcConfiguration : spring.jpa.open-in-view is enabled by default. Therefore, database queries may be performed during view rendering. Explicitly configure spring.jpa.open-in-view to disable this warning
2020-08-25 13:44:27.153  INFO 3820 --- [main] o.s.b.t.m.w.SpringBootMockServletContext : Initializing Spring TestDispatcherServlet ''
2020-08-25 13:44:27.155  INFO 3820 --- [main] o.s.t.web.servlet.TestDispatcherServlet  : Initializing Servlet ''
2020-08-25 13:44:27.179  INFO 3820 --- [main] o.s.t.web.servlet.TestDispatcherServlet  : Completed initialization in 24 ms
2020-08-25 13:44:27.235  INFO 3820 --- [main] i.g.m.controller.ClienteControllerTest   : Started ClienteControllerTest in 9.632 seconds (JVM running for 13.02)
2020-08-25 13:44:27.777  INFO 3820 --- [main] i.g.m.c.controller.ClienteController     : Salvando um novo cliente
2020-08-25 13:44:27.893  INFO 3820 --- [main] .b.t.c.SpringBootTestContextBootstrapper : Neither @ContextConfiguration nor @ContextHierarchy found for test class [io.github.monthalcantara.controller.ServicoControllerTest], using SpringBootContextLoader
2020-08-25 13:44:27.898  INFO 3820 --- [main] o.s.t.c.support.AbstractContextLoader    : Could not detect default resource locations for test class [io.github.monthalcantara.controller.ServicoControllerTest]: no resource found for suffixes {-context.xml, Context.groovy}.
2020-08-25 13:44:27.899  INFO 3820 --- [main] t.c.s.AnnotationConfigContextLoaderUtils : Could not detect default configuration classes for test class [io.github.monthalcantara.controller.ServicoControllerTest]: ServicoControllerTest does not declare any static, non-private, non-final, nested classes annotated with @Configuration.
2020-08-25 13:44:27.912  INFO 3820 --- [main] .b.t.c.SpringBootTestContextBootstrapper : Found @SpringBootConfiguration io.github.monthalcantara.ClientesApplication for test class io.github.monthalcantara.controller.ServicoControllerTest
2020-08-25 13:44:27.920  INFO 3820 --- [main] .b.t.c.SpringBootTestContextBootstrapper : Loaded default TestExecutionListener class names from location [META-INF/spring.factories]: [org.springframework.boot.test.mock.mockito.MockitoTestExecutionListener, org.springframework.boot.test.mock.mockito.ResetMocksTestExecutionListener, org.springframework.boot.test.autoconfigure.restdocs.RestDocsTestExecutionListener, org.springframework.boot.test.autoconfigure.web.client.MockRestServiceServerResetTestExecutionListener, org.springframework.boot.test.autoconfigure.web.servlet.MockMvcPrintOnlyOnFailureTestExecutionListener, org.springframework.boot.test.autoconfigure.web.servlet.WebDriverTestExecutionListener, org.springframework.test.context.web.ServletTestExecutionListener, org.springframework.test.context.support.DirtiesContextBeforeModesTestExecutionListener, org.springframework.test.context.support.DependencyInjectionTestExecutionListener, org.springframework.test.context.support.DirtiesContextTestExecutionListener, org.springframework.test.context.transaction.TransactionalTestExecutionListener, org.springframework.test.context.jdbc.SqlScriptsTestExecutionListener, org.springframework.security.test.context.support.WithSecurityContextTestExecutionListener, org.springframework.security.test.context.support.ReactorContextTestExecutionListener]
2020-08-25 13:44:27.922  INFO 3820 --- [main] .b.t.c.SpringBootTestContextBootstrapper : Using TestExecutionListeners: [org.springframework.test.context.web.ServletTestExecutionListener@28dacf31, org.springframework.test.context.support.DirtiesContextBeforeModesTestExecutionListener@47e60b71, org.springframework.boot.test.mock.mockito.MockitoTestExecutionListener@795faad, org.springframework.boot.test.autoconfigure.SpringBootDependencyInjectionTestExecutionListener@17ae13d5, org.springframework.test.context.support.DirtiesContextTestExecutionListener@69f3e556, org.springframework.test.context.transaction.TransactionalTestExecutionListener@1eb9d69a, org.springframework.test.context.jdbc.SqlScriptsTestExecutionListener@36511772, org.springframework.security.test.context.support.WithSecurityContextTestExecutionListener@51869ad6, org.springframework.security.test.context.support.ReactorContextTestExecutionListener@27a90ce5, org.springframework.boot.test.mock.mockito.ResetMocksTestExecutionListener@77f4038c, org.springframework.boot.test.autoconfigure.restdocs.RestDocsTestExecutionListener@49a06087, org.springframework.boot.test.autoconfigure.web.client.MockRestServiceServerResetTestExecutionListener@2c15034f, org.springframework.boot.test.autoconfigure.web.servlet.MockMvcPrintOnlyOnFailureTestExecutionListener@43b4ec0c, org.springframework.boot.test.autoconfigure.web.servlet.WebDriverTestExecutionListener@148b6f95]
2020-08-25 13:44:28.043  INFO 3820 --- [main] i.g.m.controller.ServicoControllerTest   : Starting ServicoControllerTest on Montival with PID 3820 (started by Montival in C:\projetos\clientes\backend)
2020-08-25 13:44:28.045  INFO 3820 --- [main] i.g.m.controller.ServicoControllerTest   : No active profile set, falling back to default profiles: default
2020-08-25 13:44:28.492  INFO 3820 --- [main] .s.d.r.c.RepositoryConfigurationDelegate : Bootstrapping Spring Data repositories in DEFAULT mode.
2020-08-25 13:44:28.553  INFO 3820 --- [main] .s.d.r.c.RepositoryConfigurationDelegate : Finished Spring Data repository scanning in 61ms. Found 2 repository interfaces.
2020-08-25 13:44:28.737  INFO 3820 --- [main] trationDelegate$BeanPostProcessorChecker : Bean 'org.springframework.transaction.annotation.ProxyTransactionManagementConfiguration' of type [org.springframework.transaction.annotation.ProxyTransactionManagementConfiguration$$EnhancerBySpringCGLIB$$75a0cc42] is not eligible for getting processed by all BeanPostProcessors (for example: not eligible for auto-proxying)
2020-08-25 13:44:28.877  INFO 3820 --- [main] com.zaxxer.hikari.HikariDataSource       : HikariPool-2 - Starting...
2020-08-25 13:44:28.879  INFO 3820 --- [main] com.zaxxer.hikari.HikariDataSource       : HikariPool-2 - Start completed.
2020-08-25 13:44:29.023  INFO 3820 --- [main] o.hibernate.jpa.internal.util.LogHelper  : HHH000204: Processing PersistenceUnitInfo [name: default]
2020-08-25 13:44:29.042  INFO 3820 --- [main] org.hibernate.dialect.Dialect            : HHH000400: Using dialect: org.hibernate.dialect.H2Dialect
2020-08-25 13:44:29.135  INFO 3820 --- [main] o.h.e.t.j.p.i.JtaPlatformInitiator       : HHH000490: Using JtaPlatform implementation: [org.hibernate.engine.transaction.jta.platform.internal.NoJtaPlatform]
2020-08-25 13:44:29.137  INFO 3820 --- [main] j.LocalContainerEntityManagerFactoryBean : Initialized JPA EntityManagerFactory for persistence unit 'default'
2020-08-25 13:44:30.045  INFO 3820 --- [main] o.s.s.concurrent.ThreadPoolTaskExecutor  : Initializing ExecutorService 'applicationTaskExecutor'
2020-08-25 13:44:30.073  WARN 3820 --- [main] aWebConfiguration$JpaWebMvcConfiguration : spring.jpa.open-in-view is enabled by default. Therefore, database queries may be performed during view rendering. Explicitly configure spring.jpa.open-in-view to disable this warning
2020-08-25 13:44:30.752  INFO 3820 --- [main] o.s.b.t.m.w.SpringBootMockServletContext : Initializing Spring TestDispatcherServlet ''
2020-08-25 13:44:30.753  INFO 3820 --- [main] o.s.t.web.servlet.TestDispatcherServlet  : Initializing Servlet ''
2020-08-25 13:44:30.772  INFO 3820 --- [main] o.s.t.web.servlet.TestDispatcherServlet  : Completed initialization in 19 ms
2020-08-25 13:44:30.806  INFO 3820 --- [main] i.g.m.controller.ServicoControllerTest   : Started ServicoControllerTest in 2.876 seconds (JVM running for 16.592)
2020-08-25 13:44:30.822  INFO 3820 --- [main] i.g.m.c.controller.ServicoController     : Buscando um serviço cadastrado pelo id: 1 
2020-08-25 13:44:30.991  INFO 3820 --- [main] i.g.m.c.controller.ServicoController     : Deletando um serviço cadastrado pelo id: 1 
2020-08-25 13:44:31.115  INFO 3820 --- [main] i.g.m.c.controller.ServicoController     : Atualizando um serviço cadastrado pelo id: 1 
2020-08-25 13:44:31.130  INFO 3820 --- [main] .b.t.c.SpringBootTestContextBootstrapper : Neither @ContextConfiguration nor @ContextHierarchy found for test class [io.github.monthalcantara.repository.ClienteRepositoryTest], using SpringBootContextLoader
2020-08-25 13:44:31.133  INFO 3820 --- [main] o.s.t.c.support.AbstractContextLoader    : Could not detect default resource locations for test class [io.github.monthalcantara.repository.ClienteRepositoryTest]: no resource found for suffixes {-context.xml, Context.groovy}.
2020-08-25 13:44:31.134  INFO 3820 --- [main] t.c.s.AnnotationConfigContextLoaderUtils : Could not detect default configuration classes for test class [io.github.monthalcantara.repository.ClienteRepositoryTest]: ClienteRepositoryTest does not declare any static, non-private, non-final, nested classes annotated with @Configuration.
2020-08-25 13:44:31.152  INFO 3820 --- [main] .b.t.c.SpringBootTestContextBootstrapper : Found @SpringBootConfiguration io.github.monthalcantara.ClientesApplication for test class io.github.monthalcantara.repository.ClienteRepositoryTest
2020-08-25 13:44:31.157  INFO 3820 --- [main] .b.t.c.SpringBootTestContextBootstrapper : Loaded default TestExecutionListener class names from location [META-INF/spring.factories]: [org.springframework.boot.test.mock.mockito.MockitoTestExecutionListener, org.springframework.boot.test.mock.mockito.ResetMocksTestExecutionListener, org.springframework.boot.test.autoconfigure.restdocs.RestDocsTestExecutionListener, org.springframework.boot.test.autoconfigure.web.client.MockRestServiceServerResetTestExecutionListener, org.springframework.boot.test.autoconfigure.web.servlet.MockMvcPrintOnlyOnFailureTestExecutionListener, org.springframework.boot.test.autoconfigure.web.servlet.WebDriverTestExecutionListener, org.springframework.test.context.web.ServletTestExecutionListener, org.springframework.test.context.support.DirtiesContextBeforeModesTestExecutionListener, org.springframework.test.context.support.DependencyInjectionTestExecutionListener, org.springframework.test.context.support.DirtiesContextTestExecutionListener, org.springframework.test.context.transaction.TransactionalTestExecutionListener, org.springframework.test.context.jdbc.SqlScriptsTestExecutionListener, org.springframework.security.test.context.support.WithSecurityContextTestExecutionListener, org.springframework.security.test.context.support.ReactorContextTestExecutionListener]
2020-08-25 13:44:31.163  INFO 3820 --- [main] .b.t.c.SpringBootTestContextBootstrapper : Using TestExecutionListeners: [org.springframework.test.context.web.ServletTestExecutionListener@2b3242a5, org.springframework.test.context.support.DirtiesContextBeforeModesTestExecutionListener@11120583, org.springframework.boot.test.mock.mockito.MockitoTestExecutionListener@2bf0c70d, org.springframework.boot.test.autoconfigure.SpringBootDependencyInjectionTestExecutionListener@5d8e4fa8, org.springframework.test.context.support.DirtiesContextTestExecutionListener@649009d6, org.springframework.test.context.transaction.TransactionalTestExecutionListener@652f26da, org.springframework.test.context.jdbc.SqlScriptsTestExecutionListener@484a5ddd, org.springframework.security.test.context.support.WithSecurityContextTestExecutionListener@6796a873, org.springframework.security.test.context.support.ReactorContextTestExecutionListener@3acc3ee, org.springframework.boot.test.mock.mockito.ResetMocksTestExecutionListener@1f293cb7, org.springframework.boot.test.autoconfigure.restdocs.RestDocsTestExecutionListener@5972e3a, org.springframework.boot.test.autoconfigure.web.client.MockRestServiceServerResetTestExecutionListener@5790cbcb, org.springframework.boot.test.autoconfigure.web.servlet.MockMvcPrintOnlyOnFailureTestExecutionListener@32c6d164, org.springframework.boot.test.autoconfigure.web.servlet.WebDriverTestExecutionListener@645c9f0f]
2020-08-25 13:44:31.256  INFO 3820 --- [main] i.g.m.repository.ClienteRepositoryTest   : Starting ClienteRepositoryTest on Montival with PID 3820 (started by Montival in C:\projetos\clientes\backend)
2020-08-25 13:44:31.257  INFO 3820 --- [main] i.g.m.repository.ClienteRepositoryTest   : No active profile set, falling back to default profiles: default
2020-08-25 13:44:32.037  INFO 3820 --- [main] .s.d.r.c.RepositoryConfigurationDelegate : Bootstrapping Spring Data repositories in DEFAULT mode.
2020-08-25 13:44:32.095  INFO 3820 --- [main] .s.d.r.c.RepositoryConfigurationDelegate : Finished Spring Data repository scanning in 56ms. Found 2 repository interfaces.
2020-08-25 13:44:32.226  INFO 3820 --- [main] trationDelegate$BeanPostProcessorChecker : Bean 'org.springframework.transaction.annotation.ProxyTransactionManagementConfiguration' of type [org.springframework.transaction.annotation.ProxyTransactionManagementConfiguration$$EnhancerBySpringCGLIB$$75a0cc42] is not eligible for getting processed by all BeanPostProcessors (for example: not eligible for auto-proxying)
2020-08-25 13:44:32.425  INFO 3820 --- [main] com.zaxxer.hikari.HikariDataSource       : HikariPool-3 - Starting...
2020-08-25 13:44:32.427  INFO 3820 --- [main] com.zaxxer.hikari.HikariDataSource       : HikariPool-3 - Start completed.
2020-08-25 13:44:32.483  INFO 3820 --- [main] o.hibernate.jpa.internal.util.LogHelper  : HHH000204: Processing PersistenceUnitInfo [name: default]
2020-08-25 13:44:32.498  INFO 3820 --- [main] org.hibernate.dialect.Dialect            : HHH000400: Using dialect: org.hibernate.dialect.H2Dialect
2020-08-25 13:44:32.610  INFO 3820 --- [main] o.h.e.t.j.p.i.JtaPlatformInitiator       : HHH000490: Using JtaPlatform implementation: [org.hibernate.engine.transaction.jta.platform.internal.NoJtaPlatform]
2020-08-25 13:44:32.611  INFO 3820 --- [main] j.LocalContainerEntityManagerFactoryBean : Initialized JPA EntityManagerFactory for persistence unit 'default'
2020-08-25 13:44:33.627  INFO 3820 --- [main] o.s.s.concurrent.ThreadPoolTaskExecutor  : Initializing ExecutorService 'applicationTaskExecutor'
2020-08-25 13:44:33.654  WARN 3820 --- [main] aWebConfiguration$JpaWebMvcConfiguration : spring.jpa.open-in-view is enabled by default. Therefore, database queries may be performed during view rendering. Explicitly configure spring.jpa.open-in-view to disable this warning
2020-08-25 13:44:34.133  INFO 3820 --- [main] i.g.m.repository.ClienteRepositoryTest   : Started ClienteRepositoryTest in 2.959 seconds (JVM running for 19.919)
2020-08-25 13:44:34.908  INFO 3820 --- [main] .b.t.c.SpringBootTestContextBootstrapper : Neither @ContextConfiguration nor @ContextHierarchy found for test class [io.github.monthalcantara.repository.ServicoRepositoryTest], using SpringBootContextLoader
2020-08-25 13:44:34.911  INFO 3820 --- [main] o.s.t.c.support.AbstractContextLoader    : Could not detect default resource locations for test class [io.github.monthalcantara.repository.ServicoRepositoryTest]: no resource found for suffixes {-context.xml, Context.groovy}.
2020-08-25 13:44:34.912  INFO 3820 --- [main] t.c.s.AnnotationConfigContextLoaderUtils : Could not detect default configuration classes for test class [io.github.monthalcantara.repository.ServicoRepositoryTest]: ServicoRepositoryTest does not declare any static, non-private, non-final, nested classes annotated with @Configuration.
2020-08-25 13:44:34.916  INFO 3820 --- [main] .b.t.c.SpringBootTestContextBootstrapper : Found @SpringBootConfiguration io.github.monthalcantara.ClientesApplication for test class io.github.monthalcantara.repository.ServicoRepositoryTest
2020-08-25 13:44:34.920  INFO 3820 --- [main] .b.t.c.SpringBootTestContextBootstrapper : Loaded default TestExecutionListener class names from location [META-INF/spring.factories]: [org.springframework.boot.test.mock.mockito.MockitoTestExecutionListener, org.springframework.boot.test.mock.mockito.ResetMocksTestExecutionListener, org.springframework.boot.test.autoconfigure.restdocs.RestDocsTestExecutionListener, org.springframework.boot.test.autoconfigure.web.client.MockRestServiceServerResetTestExecutionListener, org.springframework.boot.test.autoconfigure.web.servlet.MockMvcPrintOnlyOnFailureTestExecutionListener, org.springframework.boot.test.autoconfigure.web.servlet.WebDriverTestExecutionListener, org.springframework.test.context.web.ServletTestExecutionListener, org.springframework.test.context.support.DirtiesContextBeforeModesTestExecutionListener, org.springframework.test.context.support.DependencyInjectionTestExecutionListener, org.springframework.test.context.support.DirtiesContextTestExecutionListener, org.springframework.test.context.transaction.TransactionalTestExecutionListener, org.springframework.test.context.jdbc.SqlScriptsTestExecutionListener, org.springframework.security.test.context.support.WithSecurityContextTestExecutionListener, org.springframework.security.test.context.support.ReactorContextTestExecutionListener]
2020-08-25 13:44:34.928  INFO 3820 --- [main] .b.t.c.SpringBootTestContextBootstrapper : Using TestExecutionListeners: [org.springframework.test.context.web.ServletTestExecutionListener@6b6c0b7c, org.springframework.test.context.support.DirtiesContextBeforeModesTestExecutionListener@5b1f0f26, org.springframework.boot.test.mock.mockito.MockitoTestExecutionListener@7120daa6, org.springframework.boot.test.autoconfigure.SpringBootDependencyInjectionTestExecutionListener@6cbb6c41, org.springframework.test.context.support.DirtiesContextTestExecutionListener@6787bd41, org.springframework.test.context.transaction.TransactionalTestExecutionListener@44c2e8a8, org.springframework.test.context.jdbc.SqlScriptsTestExecutionListener@3340ff7c, org.springframework.security.test.context.support.WithSecurityContextTestExecutionListener@42e4431, org.springframework.security.test.context.support.ReactorContextTestExecutionListener@5e198c40, org.springframework.boot.test.mock.mockito.ResetMocksTestExecutionListener@dcdb883, org.springframework.boot.test.autoconfigure.restdocs.RestDocsTestExecutionListener@39420d59, org.springframework.boot.test.autoconfigure.web.client.MockRestServiceServerResetTestExecutionListener@4fbbd98c, org.springframework.boot.test.autoconfigure.web.servlet.MockMvcPrintOnlyOnFailureTestExecutionListener@5dd227b7, org.springframework.boot.test.autoconfigure.web.servlet.WebDriverTestExecutionListener@3d3b852e]
2020-08-25 13:44:35.281  INFO 3820 --- [Thread-4] o.s.s.concurrent.ThreadPoolTaskExecutor  : Shutting down ExecutorService 'applicationTaskExecutor'
2020-08-25 13:44:35.284  INFO 3820 --- [Thread-4] j.LocalContainerEntityManagerFactoryBean : Closing JPA EntityManagerFactory for persistence unit 'default'
2020-08-25 13:44:35.286  INFO 3820 --- [Thread-4] .SchemaDropperImpl$DelayedDropActionImpl : HHH000477: Starting delayed evictData of schema as part of SessionFactory shut-down'
2020-08-25 13:44:35.303  INFO 3820 --- [Thread-7] o.s.s.concurrent.ThreadPoolTaskExecutor  : Shutting down ExecutorService 'applicationTaskExecutor'
2020-08-25 13:44:35.304  INFO 3820 --- [Thread-7] j.LocalContainerEntityManagerFactoryBean : Closing JPA EntityManagerFactory for persistence unit 'default'
2020-08-25 13:44:35.305  INFO 3820 --- [Thread-7] .SchemaDropperImpl$DelayedDropActionImpl : HHH000477: Starting delayed evictData of schema as part of SessionFactory shut-down'
2020-08-25 13:44:35.308  INFO 3820 --- [Thread-9] o.s.s.concurrent.ThreadPoolTaskExecutor  : Shutting down ExecutorService 'applicationTaskExecutor'
2020-08-25 13:44:35.313  INFO 3820 --- [Thread-9] j.LocalContainerEntityManagerFactoryBean : Closing JPA EntityManagerFactory for persistence unit 'default'
2020-08-25 13:44:35.318  INFO 3820 --- [Thread-9] .SchemaDropperImpl$DelayedDropActionImpl : HHH000477: Starting delayed evictData of schema as part of SessionFactory shut-down'
2020-08-25 13:44:35.319  INFO 3820 --- [Thread-4] com.zaxxer.hikari.HikariDataSource       : HikariPool-1 - Shutdown initiated...
2020-08-25 13:44:35.324  WARN 3820 --- [Thread-9] o.h.engine.jdbc.spi.SqlExceptionHelper   : SQL Error: 90121, SQLState: 90121
2020-08-25 13:44:35.324 ERROR 3820 --- [Thread-9] o.h.engine.jdbc.spi.SqlExceptionHelper   : Database is already closed (to disable automatic closing at VM shutdown, add ";DB_CLOSE_ON_EXIT=FALSE" to the db URL) [90121-199]
2020-08-25 13:44:35.326  WARN 3820 --- [Thread-9] o.h.engine.jdbc.spi.SqlExceptionHelper   : SQL Error: 90121, SQLState: 90121
2020-08-25 13:44:35.326 ERROR 3820 --- [Thread-9] o.h.engine.jdbc.spi.SqlExceptionHelper   : Database is already closed (to disable automatic closing at VM shutdown, add ";DB_CLOSE_ON_EXIT=FALSE" to the db URL) [90121-199]
2020-08-25 13:44:35.327  INFO 3820 --- [Thread-9] o.s.b.f.support.DisposableBeanAdapter    : Invocation of destroy method failed on bean with name 'entityManagerFactory': org.hibernate.exception.JDBCConnectionException: Unable to release JDBC Connection used for DDL execution
2020-08-25 13:44:35.327  INFO 3820 --- [Thread-9] com.zaxxer.hikari.HikariDataSource       : HikariPool-3 - Shutdown initiated...
2020-08-25 13:44:35.331  INFO 3820 --- [Thread-4] com.zaxxer.hikari.HikariDataSource       : HikariPool-1 - Shutdown completed.
2020-08-25 13:44:35.332  INFO 3820 --- [Thread-7] com.zaxxer.hikari.HikariDataSource       : HikariPool-2 - Shutdown initiated...
2020-08-25 13:44:35.337  INFO 3820 --- [Thread-9] com.zaxxer.hikari.HikariDataSource       : HikariPool-3 - Shutdown completed.
2020-08-25 13:44:35.338  INFO 3820 --- [Thread-7] com.zaxxer.hikari.HikariDataSource       : HikariPool-2 - Shutdown completed.
2020-08-25 13:47:11.639  INFO 6592 --- [main] i.g.m.repository.ServicoRepositoryTest   : Starting ServicoRepositoryTest on Montival with PID 6592 (started by Montival in C:\projetos\clientes\backend)
2020-08-25 13:47:11.641  INFO 6592 --- [main] i.g.m.repository.ServicoRepositoryTest   : No active profile set, falling back to default profiles: default
2020-08-25 13:47:13.505  INFO 6592 --- [main] .s.d.r.c.RepositoryConfigurationDelegate : Bootstrapping Spring Data repositories in DEFAULT mode.
2020-08-25 13:47:13.621  INFO 6592 --- [main] .s.d.r.c.RepositoryConfigurationDelegate : Finished Spring Data repository scanning in 105ms. Found 2 repository interfaces.
2020-08-25 13:47:14.310  INFO 6592 --- [main] trationDelegate$BeanPostProcessorChecker : Bean 'org.springframework.transaction.annotation.ProxyTransactionManagementConfiguration' of type [org.springframework.transaction.annotation.ProxyTransactionManagementConfiguration$$EnhancerBySpringCGLIB$$302e7839] is not eligible for getting processed by all BeanPostProcessors (for example: not eligible for auto-proxying)
2020-08-25 13:47:14.792  INFO 6592 --- [main] com.zaxxer.hikari.HikariDataSource       : HikariPool-1 - Starting...
2020-08-25 13:47:15.098  INFO 6592 --- [main] com.zaxxer.hikari.HikariDataSource       : HikariPool-1 - Start completed.
2020-08-25 13:47:15.264  INFO 6592 --- [main] o.hibernate.jpa.internal.util.LogHelper  : HHH000204: Processing PersistenceUnitInfo [name: default]
2020-08-25 13:47:15.382  INFO 6592 --- [main] org.hibernate.Version                    : HHH000412: Hibernate Core {5.4.10.Final}
2020-08-25 13:47:15.590  INFO 6592 --- [main] o.hibernate.annotations.common.Version   : HCANN000001: Hibernate Commons Annotations {5.1.0.Final}
2020-08-25 13:47:15.979  INFO 6592 --- [main] org.hibernate.dialect.Dialect            : HHH000400: Using dialect: org.hibernate.dialect.H2Dialect
2020-08-25 13:47:17.056  INFO 6592 --- [main] o.h.e.t.j.p.i.JtaPlatformInitiator       : HHH000490: Using JtaPlatform implementation: [org.hibernate.engine.transaction.jta.platform.internal.NoJtaPlatform]
2020-08-25 13:47:17.066  INFO 6592 --- [main] j.LocalContainerEntityManagerFactoryBean : Initialized JPA EntityManagerFactory for persistence unit 'default'
2020-08-25 13:47:18.975  INFO 6592 --- [main] o.s.s.concurrent.ThreadPoolTaskExecutor  : Initializing ExecutorService 'applicationTaskExecutor'
2020-08-25 13:47:19.102  WARN 6592 --- [main] aWebConfiguration$JpaWebMvcConfiguration : spring.jpa.open-in-view is enabled by default. Therefore, database queries may be performed during view rendering. Explicitly configure spring.jpa.open-in-view to disable this warning
2020-08-25 13:47:20.360  INFO 6592 --- [main] i.g.m.repository.ServicoRepositoryTest   : Started ServicoRepositoryTest in 9.64 seconds (JVM running for 12.027)
2020-08-25 13:47:20.933  INFO 6592 --- [Thread-3] o.s.s.concurrent.ThreadPoolTaskExecutor  : Shutting down ExecutorService 'applicationTaskExecutor'
2020-08-25 13:47:20.942  INFO 6592 --- [Thread-3] j.LocalContainerEntityManagerFactoryBean : Closing JPA EntityManagerFactory for persistence unit 'default'
2020-08-25 13:47:20.954  INFO 6592 --- [Thread-3] .SchemaDropperImpl$DelayedDropActionImpl : HHH000477: Starting delayed evictData of schema as part of SessionFactory shut-down'
2020-08-25 13:47:20.957  WARN 6592 --- [Thread-3] o.h.engine.jdbc.spi.SqlExceptionHelper   : SQL Error: 90121, SQLState: 90121
2020-08-25 13:47:20.964 ERROR 6592 --- [Thread-3] o.h.engine.jdbc.spi.SqlExceptionHelper   : Database is already closed (to disable automatic closing at VM shutdown, add ";DB_CLOSE_ON_EXIT=FALSE" to the db URL) [90121-199]
2020-08-25 13:47:20.967  WARN 6592 --- [Thread-3] o.h.engine.jdbc.spi.SqlExceptionHelper   : SQL Error: 90121, SQLState: 90121
2020-08-25 13:47:20.969 ERROR 6592 --- [Thread-3] o.h.engine.jdbc.spi.SqlExceptionHelper   : Database is already closed (to disable automatic closing at VM shutdown, add ";DB_CLOSE_ON_EXIT=FALSE" to the db URL) [90121-199]
2020-08-25 13:47:20.971  INFO 6592 --- [Thread-3] o.s.b.f.support.DisposableBeanAdapter    : Invocation of destroy method failed on bean with name 'entityManagerFactory': org.hibernate.exception.JDBCConnectionException: Unable to release JDBC Connection used for DDL execution
2020-08-25 13:47:20.979  INFO 6592 --- [Thread-3] com.zaxxer.hikari.HikariDataSource       : HikariPool-1 - Shutdown initiated...
2020-08-25 13:47:20.996  INFO 6592 --- [Thread-3] com.zaxxer.hikari.HikariDataSource       : HikariPool-1 - Shutdown completed.
2020-08-25 13:48:26.507  INFO 8668 --- [main] i.g.m.controller.ClienteControllerTest   : Starting ClienteControllerTest on Montival with PID 8668 (started by Montival in C:\projetos\clientes\backend)
2020-08-25 13:48:26.510  INFO 8668 --- [main] i.g.m.controller.ClienteControllerTest   : No active profile set, falling back to default profiles: default
2020-08-25 13:48:28.081  INFO 8668 --- [main] .s.d.r.c.RepositoryConfigurationDelegate : Bootstrapping Spring Data repositories in DEFAULT mode.
2020-08-25 13:48:28.221  INFO 8668 --- [main] .s.d.r.c.RepositoryConfigurationDelegate : Finished Spring Data repository scanning in 126ms. Found 2 repository interfaces.
2020-08-25 13:48:29.614  INFO 8668 --- [main] trationDelegate$BeanPostProcessorChecker : Bean 'org.springframework.transaction.annotation.ProxyTransactionManagementConfiguration' of type [org.springframework.transaction.annotation.ProxyTransactionManagementConfiguration$$EnhancerBySpringCGLIB$$75a0cc42] is not eligible for getting processed by all BeanPostProcessors (for example: not eligible for auto-proxying)
2020-08-25 13:48:30.050  INFO 8668 --- [main] com.zaxxer.hikari.HikariDataSource       : HikariPool-1 - Starting...
2020-08-25 13:48:30.293  INFO 8668 --- [main] com.zaxxer.hikari.HikariDataSource       : HikariPool-1 - Start completed.
2020-08-25 13:48:30.474  INFO 8668 --- [main] o.hibernate.jpa.internal.util.LogHelper  : HHH000204: Processing PersistenceUnitInfo [name: default]
2020-08-25 13:48:30.632  INFO 8668 --- [main] org.hibernate.Version                    : HHH000412: Hibernate Core {5.4.10.Final}
2020-08-25 13:48:30.708  INFO 8668 --- [main] o.hibernate.annotations.common.Version   : HCANN000001: Hibernate Commons Annotations {5.1.0.Final}
2020-08-25 13:48:31.114  INFO 8668 --- [main] org.hibernate.dialect.Dialect            : HHH000400: Using dialect: org.hibernate.dialect.H2Dialect
2020-08-25 13:48:32.032  INFO 8668 --- [main] o.h.e.t.j.p.i.JtaPlatformInitiator       : HHH000490: Using JtaPlatform implementation: [org.hibernate.engine.transaction.jta.platform.internal.NoJtaPlatform]
2020-08-25 13:48:32.043  INFO 8668 --- [main] j.LocalContainerEntityManagerFactoryBean : Initialized JPA EntityManagerFactory for persistence unit 'default'
2020-08-25 13:48:34.147  INFO 8668 --- [main] o.s.s.concurrent.ThreadPoolTaskExecutor  : Initializing ExecutorService 'applicationTaskExecutor'
2020-08-25 13:48:34.277  WARN 8668 --- [main] aWebConfiguration$JpaWebMvcConfiguration : spring.jpa.open-in-view is enabled by default. Therefore, database queries may be performed during view rendering. Explicitly configure spring.jpa.open-in-view to disable this warning
2020-08-25 13:48:35.127  INFO 8668 --- [main] o.s.b.t.m.w.SpringBootMockServletContext : Initializing Spring TestDispatcherServlet ''
2020-08-25 13:48:35.130  INFO 8668 --- [main] o.s.t.web.servlet.TestDispatcherServlet  : Initializing Servlet ''
2020-08-25 13:48:35.156  INFO 8668 --- [main] o.s.t.web.servlet.TestDispatcherServlet  : Completed initialization in 25 ms
2020-08-25 13:48:35.205  INFO 8668 --- [main] i.g.m.controller.ClienteControllerTest   : Started ClienteControllerTest in 9.239 seconds (JVM running for 11.947)
2020-08-25 13:48:35.675  INFO 8668 --- [main] i.g.m.c.controller.ClienteController     : Salvando um novo cliente
2020-08-25 13:48:35.792  INFO 8668 --- [main] .b.t.c.SpringBootTestContextBootstrapper : Neither @ContextConfiguration nor @ContextHierarchy found for test class [io.github.monthalcantara.controller.ServicoControllerTest], using SpringBootContextLoader
2020-08-25 13:48:35.793  INFO 8668 --- [main] o.s.t.c.support.AbstractContextLoader    : Could not detect default resource locations for test class [io.github.monthalcantara.controller.ServicoControllerTest]: no resource found for suffixes {-context.xml, Context.groovy}.
2020-08-25 13:48:35.793  INFO 8668 --- [main] t.c.s.AnnotationConfigContextLoaderUtils : Could not detect default configuration classes for test class [io.github.monthalcantara.controller.ServicoControllerTest]: ServicoControllerTest does not declare any static, non-private, non-final, nested classes annotated with @Configuration.
2020-08-25 13:48:35.800  INFO 8668 --- [main] .b.t.c.SpringBootTestContextBootstrapper : Found @SpringBootConfiguration io.github.monthalcantara.ClientesApplication for test class io.github.monthalcantara.controller.ServicoControllerTest
2020-08-25 13:48:35.803  INFO 8668 --- [main] .b.t.c.SpringBootTestContextBootstrapper : Loaded default TestExecutionListener class names from location [META-INF/spring.factories]: [org.springframework.boot.test.mock.mockito.MockitoTestExecutionListener, org.springframework.boot.test.mock.mockito.ResetMocksTestExecutionListener, org.springframework.boot.test.autoconfigure.restdocs.RestDocsTestExecutionListener, org.springframework.boot.test.autoconfigure.web.client.MockRestServiceServerResetTestExecutionListener, org.springframework.boot.test.autoconfigure.web.servlet.MockMvcPrintOnlyOnFailureTestExecutionListener, org.springframework.boot.test.autoconfigure.web.servlet.WebDriverTestExecutionListener, org.springframework.test.context.web.ServletTestExecutionListener, org.springframework.test.context.support.DirtiesContextBeforeModesTestExecutionListener, org.springframework.test.context.support.DependencyInjectionTestExecutionListener, org.springframework.test.context.support.DirtiesContextTestExecutionListener, org.springframework.test.context.transaction.TransactionalTestExecutionListener, org.springframework.test.context.jdbc.SqlScriptsTestExecutionListener, org.springframework.security.test.context.support.WithSecurityContextTestExecutionListener, org.springframework.security.test.context.support.ReactorContextTestExecutionListener]
2020-08-25 13:48:35.804  INFO 8668 --- [main] .b.t.c.SpringBootTestContextBootstrapper : Using TestExecutionListeners: [org.springframework.test.context.web.ServletTestExecutionListener@28dacf31, org.springframework.test.context.support.DirtiesContextBeforeModesTestExecutionListener@47e60b71, org.springframework.boot.test.mock.mockito.MockitoTestExecutionListener@795faad, org.springframework.boot.test.autoconfigure.SpringBootDependencyInjectionTestExecutionListener@17ae13d5, org.springframework.test.context.support.DirtiesContextTestExecutionListener@69f3e556, org.springframework.test.context.transaction.TransactionalTestExecutionListener@1eb9d69a, org.springframework.test.context.jdbc.SqlScriptsTestExecutionListener@36511772, org.springframework.security.test.context.support.WithSecurityContextTestExecutionListener@51869ad6, org.springframework.security.test.context.support.ReactorContextTestExecutionListener@27a90ce5, org.springframework.boot.test.mock.mockito.ResetMocksTestExecutionListener@77f4038c, org.springframework.boot.test.autoconfigure.restdocs.RestDocsTestExecutionListener@49a06087, org.springframework.boot.test.autoconfigure.web.client.MockRestServiceServerResetTestExecutionListener@2c15034f, org.springframework.boot.test.autoconfigure.web.servlet.MockMvcPrintOnlyOnFailureTestExecutionListener@43b4ec0c, org.springframework.boot.test.autoconfigure.web.servlet.WebDriverTestExecutionListener@148b6f95]
2020-08-25 13:48:35.842  INFO 8668 --- [main] i.g.m.controller.ServicoControllerTest   : Starting ServicoControllerTest on Montival with PID 8668 (started by Montival in C:\projetos\clientes\backend)
2020-08-25 13:48:35.844  INFO 8668 --- [main] i.g.m.controller.ServicoControllerTest   : No active profile set, falling back to default profiles: default
2020-08-25 13:48:36.414  INFO 8668 --- [main] .s.d.r.c.RepositoryConfigurationDelegate : Bootstrapping Spring Data repositories in DEFAULT mode.
2020-08-25 13:48:36.473  INFO 8668 --- [main] .s.d.r.c.RepositoryConfigurationDelegate : Finished Spring Data repository scanning in 59ms. Found 2 repository interfaces.
2020-08-25 13:48:36.673  INFO 8668 --- [main] trationDelegate$BeanPostProcessorChecker : Bean 'org.springframework.transaction.annotation.ProxyTransactionManagementConfiguration' of type [org.springframework.transaction.annotation.ProxyTransactionManagementConfiguration$$EnhancerBySpringCGLIB$$75a0cc42] is not eligible for getting processed by all BeanPostProcessors (for example: not eligible for auto-proxying)
2020-08-25 13:48:36.853  INFO 8668 --- [main] com.zaxxer.hikari.HikariDataSource       : HikariPool-2 - Starting...
2020-08-25 13:48:36.855  INFO 8668 --- [main] com.zaxxer.hikari.HikariDataSource       : HikariPool-2 - Start completed.
2020-08-25 13:48:36.938  INFO 8668 --- [main] o.hibernate.jpa.internal.util.LogHelper  : HHH000204: Processing PersistenceUnitInfo [name: default]
2020-08-25 13:48:36.963  INFO 8668 --- [main] org.hibernate.dialect.Dialect            : HHH000400: Using dialect: org.hibernate.dialect.H2Dialect
2020-08-25 13:48:37.059  INFO 8668 --- [main] o.h.e.t.j.p.i.JtaPlatformInitiator       : HHH000490: Using JtaPlatform implementation: [org.hibernate.engine.transaction.jta.platform.internal.NoJtaPlatform]
2020-08-25 13:48:37.061  INFO 8668 --- [main] j.LocalContainerEntityManagerFactoryBean : Initialized JPA EntityManagerFactory for persistence unit 'default'
2020-08-25 13:48:37.806  INFO 8668 --- [main] o.s.s.concurrent.ThreadPoolTaskExecutor  : Initializing ExecutorService 'applicationTaskExecutor'
2020-08-25 13:48:37.824  WARN 8668 --- [main] aWebConfiguration$JpaWebMvcConfiguration : spring.jpa.open-in-view is enabled by default. Therefore, database queries may be performed during view rendering. Explicitly configure spring.jpa.open-in-view to disable this warning
2020-08-25 13:48:38.322  INFO 8668 --- [main] o.s.b.t.m.w.SpringBootMockServletContext : Initializing Spring TestDispatcherServlet ''
2020-08-25 13:48:38.322  INFO 8668 --- [main] o.s.t.web.servlet.TestDispatcherServlet  : Initializing Servlet ''
2020-08-25 13:48:38.339  INFO 8668 --- [main] o.s.t.web.servlet.TestDispatcherServlet  : Completed initialization in 16 ms
2020-08-25 13:48:38.368  INFO 8668 --- [main] i.g.m.controller.ServicoControllerTest   : Started ServicoControllerTest in 2.561 seconds (JVM running for 15.11)
2020-08-25 13:48:38.387  INFO 8668 --- [main] i.g.m.c.controller.ServicoController     : Buscando um serviço cadastrado pelo id: 1 
2020-08-25 13:48:38.475  INFO 8668 --- [main] i.g.m.c.controller.ServicoController     : Deletando um serviço cadastrado pelo id: 1 
2020-08-25 13:48:38.542  INFO 8668 --- [main] i.g.m.c.controller.ServicoController     : Atualizando um serviço cadastrado pelo id: 1 
2020-08-25 13:48:38.554  INFO 8668 --- [main] .b.t.c.SpringBootTestContextBootstrapper : Neither @ContextConfiguration nor @ContextHierarchy found for test class [io.github.monthalcantara.repository.ClienteRepositoryTest], using SpringBootContextLoader
2020-08-25 13:48:38.556  INFO 8668 --- [main] o.s.t.c.support.AbstractContextLoader    : Could not detect default resource locations for test class [io.github.monthalcantara.repository.ClienteRepositoryTest]: no resource found for suffixes {-context.xml, Context.groovy}.
2020-08-25 13:48:38.556  INFO 8668 --- [main] t.c.s.AnnotationConfigContextLoaderUtils : Could not detect default configuration classes for test class [io.github.monthalcantara.repository.ClienteRepositoryTest]: ClienteRepositoryTest does not declare any static, non-private, non-final, nested classes annotated with @Configuration.
2020-08-25 13:48:38.575  INFO 8668 --- [main] .b.t.c.SpringBootTestContextBootstrapper : Found @SpringBootConfiguration io.github.monthalcantara.ClientesApplication for test class io.github.monthalcantara.repository.ClienteRepositoryTest
2020-08-25 13:48:38.580  INFO 8668 --- [main] .b.t.c.SpringBootTestContextBootstrapper : Loaded default TestExecutionListener class names from location [META-INF/spring.factories]: [org.springframework.boot.test.mock.mockito.MockitoTestExecutionListener, org.springframework.boot.test.mock.mockito.ResetMocksTestExecutionListener, org.springframework.boot.test.autoconfigure.restdocs.RestDocsTestExecutionListener, org.springframework.boot.test.autoconfigure.web.client.MockRestServiceServerResetTestExecutionListener, org.springframework.boot.test.autoconfigure.web.servlet.MockMvcPrintOnlyOnFailureTestExecutionListener, org.springframework.boot.test.autoconfigure.web.servlet.WebDriverTestExecutionListener, org.springframework.test.context.web.ServletTestExecutionListener, org.springframework.test.context.support.DirtiesContextBeforeModesTestExecutionListener, org.springframework.test.context.support.DependencyInjectionTestExecutionListener, org.springframework.test.context.support.DirtiesContextTestExecutionListener, org.springframework.test.context.transaction.TransactionalTestExecutionListener, org.springframework.test.context.jdbc.SqlScriptsTestExecutionListener, org.springframework.security.test.context.support.WithSecurityContextTestExecutionListener, org.springframework.security.test.context.support.ReactorContextTestExecutionListener]
2020-08-25 13:48:38.582  INFO 8668 --- [main] .b.t.c.SpringBootTestContextBootstrapper : Using TestExecutionListeners: [org.springframework.test.context.web.ServletTestExecutionListener@11120583, org.springframework.test.context.support.DirtiesContextBeforeModesTestExecutionListener@2bf0c70d, org.springframework.boot.test.mock.mockito.MockitoTestExecutionListener@5d8e4fa8, org.springframework.boot.test.autoconfigure.SpringBootDependencyInjectionTestExecutionListener@649009d6, org.springframework.test.context.support.DirtiesContextTestExecutionListener@652f26da, org.springframework.test.context.transaction.TransactionalTestExecutionListener@484a5ddd, org.springframework.test.context.jdbc.SqlScriptsTestExecutionListener@6796a873, org.springframework.security.test.context.support.WithSecurityContextTestExecutionListener@3acc3ee, org.springframework.security.test.context.support.ReactorContextTestExecutionListener@1f293cb7, org.springframework.boot.test.mock.mockito.ResetMocksTestExecutionListener@5972e3a, org.springframework.boot.test.autoconfigure.restdocs.RestDocsTestExecutionListener@5790cbcb, org.springframework.boot.test.autoconfigure.web.client.MockRestServiceServerResetTestExecutionListener@32c6d164, org.springframework.boot.test.autoconfigure.web.servlet.MockMvcPrintOnlyOnFailureTestExecutionListener@645c9f0f, org.springframework.boot.test.autoconfigure.web.servlet.WebDriverTestExecutionListener@58068b40]
2020-08-25 13:48:38.625  INFO 8668 --- [main] i.g.m.repository.ClienteRepositoryTest   : Starting ClienteRepositoryTest on Montival with PID 8668 (started by Montival in C:\projetos\clientes\backend)
2020-08-25 13:48:38.626  INFO 8668 --- [main] i.g.m.repository.ClienteRepositoryTest   : No active profile set, falling back to default profiles: default
2020-08-25 13:48:39.060  INFO 8668 --- [main] .s.d.r.c.RepositoryConfigurationDelegate : Bootstrapping Spring Data repositories in DEFAULT mode.
2020-08-25 13:48:39.121  INFO 8668 --- [main] .s.d.r.c.RepositoryConfigurationDelegate : Finished Spring Data repository scanning in 59ms. Found 2 repository interfaces.
2020-08-25 13:48:39.261  INFO 8668 --- [main] trationDelegate$BeanPostProcessorChecker : Bean 'org.springframework.transaction.annotation.ProxyTransactionManagementConfiguration' of type [org.springframework.transaction.annotation.ProxyTransactionManagementConfiguration$$EnhancerBySpringCGLIB$$75a0cc42] is not eligible for getting processed by all BeanPostProcessors (for example: not eligible for auto-proxying)
2020-08-25 13:48:39.431  INFO 8668 --- [main] com.zaxxer.hikari.HikariDataSource       : HikariPool-3 - Starting...
2020-08-25 13:48:39.433  INFO 8668 --- [main] com.zaxxer.hikari.HikariDataSource       : HikariPool-3 - Start completed.
2020-08-25 13:48:39.473  INFO 8668 --- [main] o.hibernate.jpa.internal.util.LogHelper  : HHH000204: Processing PersistenceUnitInfo [name: default]
2020-08-25 13:48:39.487  INFO 8668 --- [main] org.hibernate.dialect.Dialect            : HHH000400: Using dialect: org.hibernate.dialect.H2Dialect
2020-08-25 13:48:39.551  INFO 8668 --- [main] o.h.e.t.j.p.i.JtaPlatformInitiator       : HHH000490: Using JtaPlatform implementation: [org.hibernate.engine.transaction.jta.platform.internal.NoJtaPlatform]
2020-08-25 13:48:39.552  INFO 8668 --- [main] j.LocalContainerEntityManagerFactoryBean : Initialized JPA EntityManagerFactory for persistence unit 'default'
2020-08-25 13:48:40.359  INFO 8668 --- [main] o.s.s.concurrent.ThreadPoolTaskExecutor  : Initializing ExecutorService 'applicationTaskExecutor'
2020-08-25 13:48:40.379  WARN 8668 --- [main] aWebConfiguration$JpaWebMvcConfiguration : spring.jpa.open-in-view is enabled by default. Therefore, database queries may be performed during view rendering. Explicitly configure spring.jpa.open-in-view to disable this warning
2020-08-25 13:48:40.864  INFO 8668 --- [main] i.g.m.repository.ClienteRepositoryTest   : Started ClienteRepositoryTest in 2.279 seconds (JVM running for 17.607)
2020-08-25 13:48:41.526  INFO 8668 --- [main] .b.t.c.SpringBootTestContextBootstrapper : Neither @ContextConfiguration nor @ContextHierarchy found for test class [io.github.monthalcantara.repository.ServicoRepositoryTest], using SpringBootContextLoader
2020-08-25 13:48:41.529  INFO 8668 --- [main] o.s.t.c.support.AbstractContextLoader    : Could not detect default resource locations for test class [io.github.monthalcantara.repository.ServicoRepositoryTest]: no resource found for suffixes {-context.xml, Context.groovy}.
2020-08-25 13:48:41.530  INFO 8668 --- [main] t.c.s.AnnotationConfigContextLoaderUtils : Could not detect default configuration classes for test class [io.github.monthalcantara.repository.ServicoRepositoryTest]: ServicoRepositoryTest does not declare any static, non-private, non-final, nested classes annotated with @Configuration.
2020-08-25 13:48:41.533  INFO 8668 --- [main] .b.t.c.SpringBootTestContextBootstrapper : Found @SpringBootConfiguration io.github.monthalcantara.ClientesApplication for test class io.github.monthalcantara.repository.ServicoRepositoryTest
2020-08-25 13:48:41.536  INFO 8668 --- [main] .b.t.c.SpringBootTestContextBootstrapper : Loaded default TestExecutionListener class names from location [META-INF/spring.factories]: [org.springframework.boot.test.mock.mockito.MockitoTestExecutionListener, org.springframework.boot.test.mock.mockito.ResetMocksTestExecutionListener, org.springframework.boot.test.autoconfigure.restdocs.RestDocsTestExecutionListener, org.springframework.boot.test.autoconfigure.web.client.MockRestServiceServerResetTestExecutionListener, org.springframework.boot.test.autoconfigure.web.servlet.MockMvcPrintOnlyOnFailureTestExecutionListener, org.springframework.boot.test.autoconfigure.web.servlet.WebDriverTestExecutionListener, org.springframework.test.context.web.ServletTestExecutionListener, org.springframework.test.context.support.DirtiesContextBeforeModesTestExecutionListener, org.springframework.test.context.support.DependencyInjectionTestExecutionListener, org.springframework.test.context.support.DirtiesContextTestExecutionListener, org.springframework.test.context.transaction.TransactionalTestExecutionListener, org.springframework.test.context.jdbc.SqlScriptsTestExecutionListener, org.springframework.security.test.context.support.WithSecurityContextTestExecutionListener, org.springframework.security.test.context.support.ReactorContextTestExecutionListener]
2020-08-25 13:48:41.538  INFO 8668 --- [main] .b.t.c.SpringBootTestContextBootstrapper : Using TestExecutionListeners: [org.springframework.test.context.web.ServletTestExecutionListener@1331d6fd, org.springframework.test.context.support.DirtiesContextBeforeModesTestExecutionListener@6b6c0b7c, org.springframework.boot.test.mock.mockito.MockitoTestExecutionListener@5b1f0f26, org.springframework.boot.test.autoconfigure.SpringBootDependencyInjectionTestExecutionListener@7120daa6, org.springframework.test.context.support.DirtiesContextTestExecutionListener@6cbb6c41, org.springframework.test.context.transaction.TransactionalTestExecutionListener@6787bd41, org.springframework.test.context.jdbc.SqlScriptsTestExecutionListener@44c2e8a8, org.springframework.security.test.context.support.WithSecurityContextTestExecutionListener@3340ff7c, org.springframework.security.test.context.support.ReactorContextTestExecutionListener@42e4431, org.springframework.boot.test.mock.mockito.ResetMocksTestExecutionListener@5e198c40, org.springframework.boot.test.autoconfigure.restdocs.RestDocsTestExecutionListener@dcdb883, org.springframework.boot.test.autoconfigure.web.client.MockRestServiceServerResetTestExecutionListener@39420d59, org.springframework.boot.test.autoconfigure.web.servlet.MockMvcPrintOnlyOnFailureTestExecutionListener@4fbbd98c, org.springframework.boot.test.autoconfigure.web.servlet.WebDriverTestExecutionListener@5dd227b7]
2020-08-25 13:48:41.755  INFO 8668 --- [Thread-4] o.s.s.concurrent.ThreadPoolTaskExecutor  : Shutting down ExecutorService 'applicationTaskExecutor'
2020-08-25 13:48:41.761  INFO 8668 --- [Thread-4] j.LocalContainerEntityManagerFactoryBean : Closing JPA EntityManagerFactory for persistence unit 'default'
2020-08-25 13:48:41.763  INFO 8668 --- [Thread-4] .SchemaDropperImpl$DelayedDropActionImpl : HHH000477: Starting delayed evictData of schema as part of SessionFactory shut-down'
2020-08-25 13:48:41.772  INFO 8668 --- [Thread-7] o.s.s.concurrent.ThreadPoolTaskExecutor  : Shutting down ExecutorService 'applicationTaskExecutor'
2020-08-25 13:48:41.774  INFO 8668 --- [Thread-7] j.LocalContainerEntityManagerFactoryBean : Closing JPA EntityManagerFactory for persistence unit 'default'
2020-08-25 13:48:41.775  INFO 8668 --- [Thread-7] .SchemaDropperImpl$DelayedDropActionImpl : HHH000477: Starting delayed evictData of schema as part of SessionFactory shut-down'
2020-08-25 13:48:41.829  INFO 8668 --- [Thread-9] o.s.s.concurrent.ThreadPoolTaskExecutor  : Shutting down ExecutorService 'applicationTaskExecutor'
2020-08-25 13:48:41.842  INFO 8668 --- [Thread-7] com.zaxxer.hikari.HikariDataSource       : HikariPool-2 - Shutdown initiated...
2020-08-25 13:48:41.841  INFO 8668 --- [Thread-4] com.zaxxer.hikari.HikariDataSource       : HikariPool-1 - Shutdown initiated...
2020-08-25 13:48:41.840  INFO 8668 --- [Thread-9] j.LocalContainerEntityManagerFactoryBean : Closing JPA EntityManagerFactory for persistence unit 'default'
2020-08-25 13:48:41.847  INFO 8668 --- [Thread-9] .SchemaDropperImpl$DelayedDropActionImpl : HHH000477: Starting delayed evictData of schema as part of SessionFactory shut-down'
2020-08-25 13:48:41.852  INFO 8668 --- [Thread-4] com.zaxxer.hikari.HikariDataSource       : HikariPool-1 - Shutdown completed.
2020-08-25 13:48:41.854  WARN 8668 --- [Thread-9] o.h.engine.jdbc.spi.SqlExceptionHelper   : SQL Error: 90121, SQLState: 90121
2020-08-25 13:48:41.854 ERROR 8668 --- [Thread-9] o.h.engine.jdbc.spi.SqlExceptionHelper   : Database is already closed (to disable automatic closing at VM shutdown, add ";DB_CLOSE_ON_EXIT=FALSE" to the db URL) [90121-199]
2020-08-25 13:48:41.856  WARN 8668 --- [Thread-9] o.h.engine.jdbc.spi.SqlExceptionHelper   : SQL Error: 90121, SQLState: 90121
2020-08-25 13:48:41.857 ERROR 8668 --- [Thread-9] o.h.engine.jdbc.spi.SqlExceptionHelper   : Database is already closed (to disable automatic closing at VM shutdown, add ";DB_CLOSE_ON_EXIT=FALSE" to the db URL) [90121-199]
2020-08-25 13:48:41.865  INFO 8668 --- [Thread-9] o.s.b.f.support.DisposableBeanAdapter    : Invocation of destroy method failed on bean with name 'entityManagerFactory': org.hibernate.exception.JDBCConnectionException: Unable to release JDBC Connection used for DDL execution
2020-08-25 13:48:41.864  INFO 8668 --- [Thread-7] com.zaxxer.hikari.HikariDataSource       : HikariPool-2 - Shutdown completed.
2020-08-25 13:48:41.866  INFO 8668 --- [Thread-9] com.zaxxer.hikari.HikariDataSource       : HikariPool-3 - Shutdown initiated...
2020-08-25 13:48:41.868  INFO 8668 --- [Thread-9] com.zaxxer.hikari.HikariDataSource       : HikariPool-3 - Shutdown completed.
